<?xml version="1.0" encoding="UTF-8"?>
<!-- Generated by org.testng.reporters.JUnitXMLReporter -->
<testsuite ignored="0" hostname="TILLT10597" failures="0" tests="4" name="Test" time="397.063" errors="0" timestamp="2026-01-13T23:46:50 IST">
  <testcase classname="testCases.TC003_Login_DDT" name="verify_loginDDT" time="5.531"/>
  <testcase classname="testCases.TC003_Login_DDT" name="verify_loginDDT" time="5.411"/>
  <testcase classname="testCases.TC003_Login_DDT" name="verify_loginDDT" time="5.426"/>
  <testcase classname="testCases.TC003_Login_DDT" name="verify_loginDDT" time="345.07"/>
</testsuite> <!-- Test -->
