<?xml version="1.0" encoding="UTF-8"?>
<testsuite xmlns:xsi="http://www.w3.org/2001/XMLSchema-instance" xsi:noNamespaceSchemaLocation="https://maven.apache.org/surefire/maven-surefire-plugin/xsd/surefire-test-report.xsd" version="3.0.2" name="TestSuite" time="19.738" tests="2" errors="0" skipped="0" failures="0">
  <properties>
[...]
</properties>
  <testcase name="verifyAccountRegistration" classname="testCases.TC001_AccountRegistrationTest" time="7.719">
    <system-out><![CDATA[2026-01-14 18:00:47 INFO  TC001_AccountRegistrationTest:20 - Starting the TC001`_AccountRegistrationTest 
2026-01-14 18:00:48 INFO  TC001_AccountRegistrationTest:29 - Clicking on MyAccount link
2026-01-14 18:00:48 INFO  TC001_AccountRegistrationTest:32 - Clicked on Register link 
2026-01-14 18:00:48 INFO  TC001_AccountRegistrationTest:37 - Providing customer details
2026-01-14 18:00:55 INFO  TC001_AccountRegistrationTest:51 - Validating the expected message
2026-01-14 18:00:55 INFO  TC001_AccountRegistrationTest:71 - TC001`_AccountRegistrationTest
]]></system-out>
    <system-err><![CDATA[2026-01-14T12:30:42.614008800Z main INFO Starting configuration XmlConfiguration[location=C:\Users\vivek.thapliyal\eclipse-workspace\SeleniumWebdriver\OpenCardv121\target\test-classes\log4j2.xml, lastModified=2026-01-13T09:03:57.027Z]...
2026-01-14T12:30:42.616521100Z main INFO Configuration XmlConfiguration[location=C:\Users\vivek.thapliyal\eclipse-workspace\SeleniumWebdriver\OpenCardv121\target\test-classes\log4j2.xml, lastModified=2026-01-13T09:03:57.027Z] started.
2026-01-14T12:30:42.620043700Z main INFO Stopping configuration org.apache.logging.log4j.core.config.DefaultConfiguration@61dd025...
2026-01-14T12:30:42.621042700Z main INFO Configuration org.apache.logging.log4j.core.config.DefaultConfiguration@61dd025 stopped.
]]></system-err>
  </testcase>
  <testcase name="verifyLogin" classname="testCases.TC002_LoginTest" time="1.646">
    <system-out><![CDATA[2026-01-14 18:00:58 INFO  TC002_LoginTest:16 - Starting TC002_LoginTest
2026-01-14 18:00:59 INFO  TC002_LoginTest:43 - Finished TC_002_LoginTest
]]></system-out>
  </testcase>
</testsuite>